{"message":{"accepted":["george@mailinator.com"],"rejected":[],"envelopeTime":980,"messageTime":972,"messageSize":12843,"response":"250 2.0.0 OK  1580280475 p17sm1140320pfn.31 - gsmtp","envelope":{"from":"sandeepsndp92@gmail.com","to":["george@mailinator.com"]},"messageId":"<4c02ed21-e7fc-c03f-4341-540a00147bc4@gmail.com>"},"level":"info","timestamp":"2020-01-29T06:47:54.935Z"}
{"message":"Server is up and running on port: 3000","level":"info","timestamp":"2020-01-29T06:50:00.454Z"}
{"message":"Server is up and running on port: 3000","level":"info","timestamp":"2020-01-29T06:50:15.465Z"}
{"message":"Server is up and running on port: 3000","level":"info","timestamp":"2020-01-29T06:50:22.765Z"}
{"code":"EENVELOPE","command":"API","level":"error","timestamp":"2020-01-29T06:50:38.551Z"}
{"code":"EENVELOPE","command":"API","level":"error","timestamp":"2020-01-29T06:50:38.551Z"}
{"message":"Server is up and running on port: 3000","level":"info","timestamp":"2020-01-29T06:51:19.147Z"}
{"code":"EENVELOPE","command":"API","level":"error","timestamp":"2020-01-29T06:51:27.045Z"}
{"code":"EENVELOPE","command":"API","level":"error","timestamp":"2020-01-29T06:51:27.046Z"}
{"message":"Server is up and running on port: 3000","level":"info","timestamp":"2020-01-29T06:51:37.115Z"}
{"message":"No recipients defined","level":"error","timestamp":"2020-01-29T06:51:46.626Z"}
{"message":"No recipients defined","level":"error","timestamp":"2020-01-29T06:51:46.626Z"}
{"message":"Server is up and running on port: 3000","level":"info","timestamp":"2020-01-29T06:52:27.943Z"}
{"message":"Server is up and running on port: 3000","level":"info","timestamp":"2020-01-29T08:36:55.686Z"}
{"message":"Server is up and running on port: 3000","level":"info","timestamp":"2020-01-29T08:37:35.125Z"}
{"message":"Server is up and running on port: 3000","level":"info","timestamp":"2020-01-29T08:38:59.056Z"}
{"message":"Server is up and running on port: 3000","level":"info","timestamp":"2020-01-29T08:39:40.473Z"}
{"message":"Server is up and running on port: 3000","level":"info","timestamp":"2020-01-29T08:40:41.550Z"}
{"message":"Server is up and running on port: 3000","level":"info","timestamp":"2020-01-29T08:59:35.496Z"}
{"message":"Server is up and running on port: 3000","level":"info","timestamp":"2020-01-29T09:18:01.473Z"}
{"message":"Server is up and running on port: 3000","level":"info","timestamp":"2020-01-29T09:19:13.729Z"}
{"message":"Server is up and running on port: 3000","level":"info","timestamp":"2020-01-29T09:19:19.886Z"}
{"message":"Server is up and running on port: 3000","level":"info","timestamp":"2020-01-29T09:23:27.351Z"}
{"message":"Server is up and running on port: 3000","level":"info","timestamp":"2020-01-29T09:23:52.917Z"}
{"message":"Server is up and running on port: 3000","level":"info","timestamp":"2020-01-29T09:24:00.126Z"}
{"message":"Server is up and running on port: 3000","level":"info","timestamp":"2020-01-29T09:24:11.578Z"}
{"message":"Server is up and running on port: 3000","level":"info","timestamp":"2020-01-29T09:24:12.262Z"}
{"message":"Server is up and running on port: 3000","level":"info","timestamp":"2020-01-29T09:24:59.192Z"}
{"message":"Server is up and running on port: 3000","level":"info","timestamp":"2020-01-29T09:27:30.195Z"}
{"message":"Server is up and running on port: 3000","level":"info","timestamp":"2020-01-29T09:28:13.270Z"}
{"message":"Server is up and running on port: 3000","level":"info","timestamp":"2020-01-29T09:30:16.270Z"}
{"message":"Server is up and running on port: 3000","level":"info","timestamp":"2020-01-29T09:30:39.056Z"}
{"message":"Server is up and running on port: 3000","level":"info","timestamp":"2020-01-29T09:33:10.405Z"}
{"message":"Server is up and running on port: 3000","level":"info","timestamp":"2020-01-29T09:33:27.226Z"}
{"message":"Server is up and running on port: 3000","level":"info","timestamp":"2020-01-29T09:35:32.234Z"}
{"message":"Server is up and running on port: 3000","level":"info","timestamp":"2020-01-29T09:36:00.639Z"}
{"message":"Server is up and running on port: 3000","level":"info","timestamp":"2020-01-29T09:36:10.334Z"}
{"message":"Server is up and running on port: 3000","level":"info","timestamp":"2020-01-29T09:36:31.605Z"}
{"message":"Server is up and running on port: 3000","level":"info","timestamp":"2020-01-29T09:37:10.027Z"}
{"message":"Server is up and running on port: 3000","level":"info","timestamp":"2020-01-29T09:40:06.280Z"}
{"message":"Server is up and running on port: 3000","level":"info","timestamp":"2020-01-29T09:41:35.629Z"}
{"message":"Server is up and running on port: 3000","level":"info","timestamp":"2020-01-29T10:05:27.178Z"}
{"message":"Server is up and running on port: 3000","level":"info","timestamp":"2020-01-29T10:05:38.761Z"}
{"message":"Server is up and running on port: 3000","level":"info","timestamp":"2020-01-29T10:12:39.350Z"}
{"message":"Server is up and running on port: 3000","level":"info","timestamp":"2020-01-29T10:12:58.862Z"}
{"message":"Server is up and running on port: 3000","level":"info","timestamp":"2020-01-29T10:13:41.098Z"}
{"message":"Server is up and running on port: 3000","level":"info","timestamp":"2020-01-29T10:14:05.232Z"}
{"message":"Server is up and running on port: 3000","level":"info","timestamp":"2020-01-29T10:14:21.543Z"}
{"message":"Server is up and running on port: 3000","level":"info","timestamp":"2020-01-29T10:16:46.591Z"}
{"message":"Server is up and running on port: 3000","level":"info","timestamp":"2020-01-29T10:17:07.296Z"}
{"message":"Server is up and running on port: 3000","level":"info","timestamp":"2020-01-29T10:17:51.284Z"}
{"message":"Server is up and running on port: 3000","level":"info","timestamp":"2020-01-29T10:20:08.238Z"}
{"message":"Server is up and running on port: 3000","level":"info","timestamp":"2020-01-29T10:20:12.544Z"}
{"message":"Server is up and running on port: 3000","level":"info","timestamp":"2020-01-29T10:26:22.865Z"}
{"message":"Server is up and running on port: 3000","level":"info","timestamp":"2020-01-29T10:26:31.203Z"}
{"message":"Server is up and running on port: 3000","level":"info","timestamp":"2020-01-29T10:26:46.512Z"}
{"message":"Server is up and running on port: 3000","level":"info","timestamp":"2020-01-29T10:26:47.083Z"}
{"message":"Server is up and running on port: 3000","level":"info","timestamp":"2020-01-29T10:27:47.878Z"}
{"message":"Server is up and running on port: 3000","level":"info","timestamp":"2020-01-29T10:28:23.142Z"}
{"message":"Server is up and running on port: 3000","level":"info","timestamp":"2020-01-29T10:28:42.767Z"}
{"message":"Server is up and running on port: 3000","level":"info","timestamp":"2020-01-29T10:28:49.759Z"}
{"message":"Server is up and running on port: 3000","level":"info","timestamp":"2020-01-29T10:30:58.820Z"}
{"message":"Server is up and running on port: 3000","level":"info","timestamp":"2020-01-29T10:31:05.144Z"}
{"message":"Server is up and running on port: 3000","level":"info","timestamp":"2020-01-29T10:41:10.582Z"}
{"message":"Server is up and running on port: 3000","level":"info","timestamp":"2020-01-29T10:43:33.333Z"}
{"message":"Server is up and running on port: 3000","level":"info","timestamp":"2020-01-29T10:43:48.599Z"}
{"message":"Server is up and running on port: 3000","level":"info","timestamp":"2020-01-29T10:43:49.404Z"}
{"message":"Server is up and running on port: 3000","level":"info","timestamp":"2020-01-29T10:44:09.954Z"}
{"message":"Server is up and running on port: 3000","level":"info","timestamp":"2020-01-29T10:44:22.312Z"}
{"message":"Server is up and running on port: 3000","level":"info","timestamp":"2020-01-29T10:44:44.923Z"}
{"message":"Server is up and running on port: 3000","level":"info","timestamp":"2020-01-29T10:44:46.159Z"}
{"message":"Server is up and running on port: 3000","level":"info","timestamp":"2020-01-29T10:48:38.667Z"}
{"message":"Server is up and running on port: 3000","level":"info","timestamp":"2020-01-29T10:52:13.713Z"}
{"message":"Server is up and running on port: 3000","level":"info","timestamp":"2020-01-29T11:42:28.565Z"}
{"message":"Server is up and running on port: 3000","level":"info","timestamp":"2020-01-29T11:43:20.919Z"}
{"message":"Server is up and running on port: 3000","level":"info","timestamp":"2020-01-29T11:46:07.701Z"}
{"message":"Server is up and running on port: 3000","level":"info","timestamp":"2020-01-29T11:46:46.706Z"}
{"message":"Server is up and running on port: 3000","level":"info","timestamp":"2020-01-29T11:46:59.338Z"}
{"message":"Server is up and running on port: 3000","level":"info","timestamp":"2020-01-29T11:47:13.490Z"}
{"message":"Server is up and running on port: 3000","level":"info","timestamp":"2020-01-29T11:47:28.940Z"}
{"message":"Server is up and running on port: 3000","level":"info","timestamp":"2020-01-29T11:48:24.380Z"}
{"message":"Server is up and running on port: 3000","level":"info","timestamp":"2020-01-29T11:48:46.974Z"}
{"message":"Server is up and running on port: 3000","level":"info","timestamp":"2020-01-29T11:49:06.774Z"}
{"message":"Server is up and running on port: 3000","level":"info","timestamp":"2020-01-29T11:49:53.900Z"}
{"message":"Server is up and running on port: 3000","level":"info","timestamp":"2020-01-29T11:51:09.427Z"}
{"message":"Server is up and running on port: 3000","level":"info","timestamp":"2020-01-29T11:51:42.371Z"}
{"message":"Server is up and running on port: 3000","level":"info","timestamp":"2020-01-29T11:51:50.921Z"}
{"message":"Server is up and running on port: 3000","level":"info","timestamp":"2020-01-29T11:59:50.281Z"}
{"message":"Server is up and running on port: 3000","level":"info","timestamp":"2020-01-29T12:00:26.088Z"}
{"message":"Server is up and running on port: 3000","level":"info","timestamp":"2020-01-29T12:02:56.156Z"}
{"message":"Server is up and running on port: 3000","level":"info","timestamp":"2020-01-29T12:03:38.586Z"}
{"message":"Server is up and running on port: 3000","level":"info","timestamp":"2020-01-29T12:03:44.545Z"}
{"message":"Server is up and running on port: 3000","level":"info","timestamp":"2020-01-29T12:04:49.078Z"}
{"message":"Server is up and running on port: 3000","level":"info","timestamp":"2020-01-29T12:05:02.730Z"}
{"message":"Server is up and running on port: 3000","level":"info","timestamp":"2020-01-29T12:06:05.962Z"}
{"message":"Server is up and running on port: 3000","level":"info","timestamp":"2020-01-29T12:06:36.036Z"}
{"message":"Server is up and running on port: 3000","level":"info","timestamp":"2020-01-29T12:06:50.101Z"}
{"message":"Server is up and running on port: 3000","level":"info","timestamp":"2020-01-29T12:06:58.561Z"}
{"message":"Server is up and running on port: 3000","level":"info","timestamp":"2020-01-29T12:07:25.086Z"}
{"message":"Server is up and running on port: 3000","level":"info","timestamp":"2020-01-29T12:07:25.665Z"}
{"message":"Server is up and running on port: 3000","level":"info","timestamp":"2020-01-29T12:07:56.244Z"}
{"message":"Server is up and running on port: 3000","level":"info","timestamp":"2020-01-29T12:08:55.236Z"}
{"message":"Server is up and running on port: 3000","level":"info","timestamp":"2020-01-29T12:09:57.968Z"}
{"message":"Server is up and running on port: 3000","level":"info","timestamp":"2020-01-29T12:10:09.558Z"}
{"message":"Server is up and running on port: 3000","level":"info","timestamp":"2020-01-29T12:11:18.078Z"}
{"message":"Server is up and running on port: 3000","level":"info","timestamp":"2020-01-29T12:12:38.199Z"}
{"message":"Server is up and running on port: 3000","level":"info","timestamp":"2020-01-29T12:12:53.504Z"}
{"message":"Server is up and running on port: 3000","level":"info","timestamp":"2020-01-29T12:12:59.397Z"}
{"message":"Server is up and running on port: 3000","level":"info","timestamp":"2020-01-29T12:14:37.757Z"}
{"message":"Server is up and running on port: 3000","level":"info","timestamp":"2020-01-29T12:14:50.630Z"}
{"message":"Server is up and running on port: 3000","level":"info","timestamp":"2020-01-29T12:15:29.004Z"}
{"message":"Server is up and running on port: 3000","level":"info","timestamp":"2020-01-29T12:16:02.265Z"}
{"message":"Server is up and running on port: 3000","level":"info","timestamp":"2020-01-29T12:16:13.856Z"}
{"message":"Server is up and running on port: 3000","level":"info","timestamp":"2020-01-29T12:16:22.904Z"}
{"message":"Server is up and running on port: 3000","level":"info","timestamp":"2020-01-29T12:16:37.770Z"}
{"message":"Server is up and running on port: 3000","level":"info","timestamp":"2020-01-29T12:17:10.093Z"}
{"message":"Server is up and running on port: 3000","level":"info","timestamp":"2020-01-29T12:17:15.015Z"}
{"message":"Server is up and running on port: 3000","level":"info","timestamp":"2020-01-29T12:17:30.145Z"}
{"message":"Server is up and running on port: 3000","level":"info","timestamp":"2020-01-29T12:17:37.457Z"}
{"message":"Server is up and running on port: 3000","level":"info","timestamp":"2020-01-29T12:20:46.611Z"}
{"message":"Server is up and running on port: 3000","level":"info","timestamp":"2020-01-29T12:21:37.182Z"}
{"message":"Server is up and running on port: 3000","level":"info","timestamp":"2020-01-29T12:28:42.795Z"}
{"message":"Server is up and running on port: 3000","level":"info","timestamp":"2020-01-29T12:28:54.639Z"}
{"message":"Server is up and running on port: 3000","level":"info","timestamp":"2020-01-29T12:29:44.913Z"}
{"message":"Server is up and running on port: 3000","level":"info","timestamp":"2020-01-29T12:30:19.006Z"}
{"message":"Server is up and running on port: 3000","level":"info","timestamp":"2020-01-29T12:30:26.533Z"}
{"message":"Server is up and running on port: 3000","level":"info","timestamp":"2020-01-29T12:30:45.610Z"}
{"message":"Server is up and running on port: 3000","level":"info","timestamp":"2020-01-29T12:30:56.150Z"}
{"message":"Server is up and running on port: 3000","level":"info","timestamp":"2020-01-29T12:31:21.970Z"}
{"message":"Server is up and running on port: 3000","level":"info","timestamp":"2020-01-29T12:31:59.742Z"}
{"message":"Server is up and running on port: 3000","level":"info","timestamp":"2020-01-29T12:32:32.984Z"}
{"message":"Server is up and running on port: 3000","level":"info","timestamp":"2020-01-29T12:37:55.092Z"}
{"message":"Server is up and running on port: 3000","level":"info","timestamp":"2020-01-29T12:38:01.495Z"}
{"message":"Server is up and running on port: 3000","level":"info","timestamp":"2020-01-29T12:38:08.834Z"}
{"message":"Server is up and running on port: 3000","level":"info","timestamp":"2020-01-29T12:38:30.658Z"}
{"message":"Server is up and running on port: 3000","level":"info","timestamp":"2020-01-29T12:38:41.388Z"}
{"message":"Server is up and running on port: 3000","level":"info","timestamp":"2020-01-29T12:38:49.005Z"}
{"message":"Server is up and running on port: 3000","level":"info","timestamp":"2020-01-29T12:38:55.568Z"}
{"message":"Server is up and running on port: 3000","level":"info","timestamp":"2020-01-29T12:39:00.622Z"}
{"message":"Server is up and running on port: 3000","level":"info","timestamp":"2020-01-29T12:40:03.237Z"}
{"message":"Server is up and running on port: 3000","level":"info","timestamp":"2020-01-29T12:40:23.733Z"}
{"message":"Server is up and running on port: 3000","level":"info","timestamp":"2020-01-29T12:47:17.990Z"}
{"message":"Server is up and running on port: 3000","level":"info","timestamp":"2020-01-29T12:52:08.951Z"}
{"message":"Server is up and running on port: 3000","level":"info","timestamp":"2020-01-29T12:52:33.313Z"}
{"message":"Server is up and running on port: 3000","level":"info","timestamp":"2020-01-29T12:58:36.536Z"}
{"message":"Server is up and running on port: 3000","level":"info","timestamp":"2020-01-29T12:58:57.058Z"}
{"message":"Server is up and running on port: 3000","level":"info","timestamp":"2020-01-29T12:59:32.079Z"}
{"message":"Server is up and running on port: 3000","level":"info","timestamp":"2020-01-29T13:01:36.720Z"}
{"message":"Server is up and running on port: 3000","level":"info","timestamp":"2020-01-29T13:01:43.572Z"}
{"message":"Server is up and running on port: 3000","level":"info","timestamp":"2020-01-29T13:02:16.773Z"}
{"message":"Server is up and running on port: 3000","level":"info","timestamp":"2020-01-29T13:02:50.903Z"}
{"message":"Server is up and running on port: 3000","level":"info","timestamp":"2020-01-29T13:05:17.246Z"}
{"message":"Server is up and running on port: 3000","level":"info","timestamp":"2020-01-29T13:05:50.953Z"}
{"message":"Server is up and running on port: 3000","level":"info","timestamp":"2020-01-29T13:06:25.809Z"}
{"message":"Server is up and running on port: 3000","level":"info","timestamp":"2020-01-29T13:06:35.291Z"}
{"message":"Server is up and running on port: 3000","level":"info","timestamp":"2020-01-29T13:06:46.533Z"}
{"message":"Server is up and running on port: 3000","level":"info","timestamp":"2020-01-29T13:08:25.257Z"}
{"message":"Server is up and running on port: 3000","level":"info","timestamp":"2020-01-29T13:09:03.139Z"}
{"message":"Server is up and running on port: 3000","level":"info","timestamp":"2020-01-29T13:09:35.055Z"}
{"message":"Server is up and running on port: 3000","level":"info","timestamp":"2020-01-29T13:09:56.619Z"}
{"message":"Server is up and running on port: 3000","level":"info","timestamp":"2020-01-29T13:12:43.523Z"}
{"message":"Server is up and running on port: 3000","level":"info","timestamp":"2020-01-29T13:13:28.133Z"}
{"message":"Server is up and running on port: 3000","level":"info","timestamp":"2020-01-29T13:13:45.505Z"}
{"message":"Server is up and running on port: 3000","level":"info","timestamp":"2020-01-29T13:14:03.337Z"}
{"message":"Server is up and running on port: 3000","level":"info","timestamp":"2020-01-29T13:14:16.844Z"}
{"message":"Server is up and running on port: 3000","level":"info","timestamp":"2020-01-29T13:14:24.776Z"}
{"message":"Server is up and running on port: 3000","level":"info","timestamp":"2020-01-29T13:14:47.895Z"}
{"message":"Server is up and running on port: 3000","level":"info","timestamp":"2020-01-29T15:12:28.739Z"}
{"message":"Server is up and running on port: 3000","level":"info","timestamp":"2020-01-29T15:25:09.993Z"}
{"message":"Server is up and running on port: 3000","level":"info","timestamp":"2020-01-29T15:25:49.105Z"}
{"message":"Server is up and running on port: 3000","level":"info","timestamp":"2020-01-29T15:25:58.805Z"}
{"message":"Server is up and running on port: 3000","level":"info","timestamp":"2020-01-29T15:26:38.514Z"}
{"message":"Server is up and running on port: 3000","level":"info","timestamp":"2020-01-29T15:27:05.977Z"}
{"message":"Server is up and running on port: 3000","level":"info","timestamp":"2020-01-29T15:27:06.716Z"}
{"message":"Server is up and running on port: 3000","level":"info","timestamp":"2020-01-29T15:27:49.679Z"}
{"message":"Server is up and running on port: 3000","level":"info","timestamp":"2020-01-29T15:27:59.743Z"}
{"message":"Server is up and running on port: 3000","level":"info","timestamp":"2020-01-29T15:28:02.914Z"}
{"message":"Server is up and running on port: 3000","level":"info","timestamp":"2020-01-29T15:28:38.337Z"}
{"message":"Server is up and running on port: 3000","level":"info","timestamp":"2020-01-29T15:28:54.962Z"}
{"message":"Server is up and running on port: 3000","level":"info","timestamp":"2020-01-29T15:31:43.714Z"}
{"message":"Server is up and running on port: 3000","level":"info","timestamp":"2020-01-29T15:31:44.304Z"}
{"message":"Server is up and running on port: 3000","level":"info","timestamp":"2020-01-29T15:36:01.301Z"}
{"message":"Server is up and running on port: 3000","level":"info","timestamp":"2020-01-29T15:36:17.917Z"}
{"message":"Server is up and running on port: 3000","level":"info","timestamp":"2020-01-29T15:37:57.405Z"}
{"message":"Server is up and running on port: 3000","level":"info","timestamp":"2020-01-29T15:38:13.882Z"}
{"message":"Server is up and running on port: 3000","level":"info","timestamp":"2020-01-29T15:38:27.034Z"}
{"message":"Server is up and running on port: 3000","level":"info","timestamp":"2020-01-29T15:38:47.747Z"}
{"message":"Server is up and running on port: 3000","level":"info","timestamp":"2020-01-29T15:40:23.167Z"}
{"message":"Server is up and running on port: 3000","level":"info","timestamp":"2020-01-29T15:41:43.805Z"}
{"message":"Server is up and running on port: 3000","level":"info","timestamp":"2020-01-29T15:41:44.380Z"}
{"message":"Server is up and running on port: 3000","level":"info","timestamp":"2020-01-29T15:41:49.452Z"}
{"message":"Server is up and running on port: 3000","level":"info","timestamp":"2020-01-29T15:41:56.973Z"}
{"message":"Server is up and running on port: 3000","level":"info","timestamp":"2020-01-29T15:42:01.634Z"}
{"message":"Server is up and running on port: 3000","level":"info","timestamp":"2020-01-29T15:42:35.174Z"}
{"message":"Server is up and running on port: 3000","level":"info","timestamp":"2020-01-29T15:43:32.297Z"}
{"message":"Server is up and running on port: 3000","level":"info","timestamp":"2020-01-29T15:44:16.239Z"}
{"message":"Server is up and running on port: 3000","level":"info","timestamp":"2020-01-29T15:46:45.348Z"}
{"message":"Server is up and running on port: 3000","level":"info","timestamp":"2020-01-29T15:46:52.656Z"}
{"message":"Server is up and running on port: 3000","level":"info","timestamp":"2020-01-29T15:49:38.819Z"}
{"message":"Server is up and running on port: 3000","level":"info","timestamp":"2020-01-29T15:49:50.558Z"}
{"message":"Server is up and running on port: 3000","level":"info","timestamp":"2020-01-29T15:50:00.262Z"}
{"message":"Server is up and running on port: 3000","level":"info","timestamp":"2020-01-29T15:50:08.307Z"}
{"message":"Server is up and running on port: 3000","level":"info","timestamp":"2020-01-29T15:50:16.710Z"}
{"message":"Server is up and running on port: 3000","level":"info","timestamp":"2020-01-29T15:51:19.684Z"}
{"message":"Server is up and running on port: 3000","level":"info","timestamp":"2020-01-29T15:51:38.484Z"}
{"message":"Server is up and running on port: 3000","level":"info","timestamp":"2020-01-29T15:51:49.584Z"}
{"message":"Server is up and running on port: 3000","level":"info","timestamp":"2020-01-29T15:51:53.790Z"}
{"message":"Server is up and running on port: 3000","level":"info","timestamp":"2020-01-29T15:52:13.503Z"}
{"message":"Server is up and running on port: 3000","level":"info","timestamp":"2020-01-30T08:30:09.380Z"}
{"message":"Server is up and running on port: 3000","level":"info","timestamp":"2020-01-30T08:33:47.270Z"}
{"message":"Server is up and running on port: 3000","level":"info","timestamp":"2020-01-30T08:33:58.069Z"}
{"message":"Server is up and running on port: 3000","level":"info","timestamp":"2020-01-30T08:34:21.019Z"}
{"message":"Server is up and running on port: 3000","level":"info","timestamp":"2020-01-30T08:34:56.002Z"}
{"message":"Server is up and running on port: 3000","level":"info","timestamp":"2020-01-30T08:35:19.042Z"}
{"message":"Server is up and running on port: 3000","level":"info","timestamp":"2020-01-30T08:36:46.164Z"}
{"message":"Server is up and running on port: 3000","level":"info","timestamp":"2020-01-30T08:37:49.166Z"}
{"message":"Server is up and running on port: 3000","level":"info","timestamp":"2020-01-30T08:38:51.439Z"}
{"message":"Server is up and running on port: 3000","level":"info","timestamp":"2020-01-30T08:38:56.465Z"}
{"message":"Server is up and running on port: 3000","level":"info","timestamp":"2020-01-30T08:39:11.624Z"}
{"message":"Server is up and running on port: 3000","level":"info","timestamp":"2020-01-30T08:39:35.837Z"}
{"message":"Server is up and running on port: 3000","level":"info","timestamp":"2020-01-30T08:39:51.257Z"}
{"message":"Server is up and running on port: 3000","level":"info","timestamp":"2020-01-30T08:39:59.767Z"}
{"message":"Server is up and running on port: 3000","level":"info","timestamp":"2020-01-30T08:40:31.333Z"}
{"message":"Server is up and running on port: 3000","level":"info","timestamp":"2020-01-30T08:40:38.190Z"}
{"message":"Server is up and running on port: 3000","level":"info","timestamp":"2020-01-30T08:40:50.453Z"}
{"message":"Server is up and running on port: 3000","level":"info","timestamp":"2020-01-30T08:40:55.240Z"}
{"message":"Server is up and running on port: 3000","level":"info","timestamp":"2020-01-30T08:42:12.829Z"}
{"message":"Server is up and running on port: 3000","level":"info","timestamp":"2020-01-30T08:42:49.506Z"}
{"message":"Server is up and running on port: 3000","level":"info","timestamp":"2020-01-30T08:42:52.315Z"}
{"message":"Server is up and running on port: 3000","level":"info","timestamp":"2020-01-30T08:42:56.490Z"}
{"message":"Server is up and running on port: 3000","level":"info","timestamp":"2020-01-30T08:44:15.972Z"}
{"message":"Server is up and running on port: 3000","level":"info","timestamp":"2020-01-30T08:44:36.665Z"}
{"message":"Server is up and running on port: 3000","level":"info","timestamp":"2020-01-30T08:44:45.397Z"}
{"message":"Server is up and running on port: 3000","level":"info","timestamp":"2020-01-30T08:45:44.234Z"}
{"message":"Server is up and running on port: 3000","level":"info","timestamp":"2020-01-30T08:45:49.321Z"}
{"message":"Server is up and running on port: 3000","level":"info","timestamp":"2020-01-30T08:46:07.916Z"}
{"message":"Server is up and running on port: 3000","level":"info","timestamp":"2020-01-30T08:47:00.812Z"}
{"message":"Server is up and running on port: 3000","level":"info","timestamp":"2020-01-30T08:47:09.571Z"}
{"message":"Server is up and running on port: 3000","level":"info","timestamp":"2020-01-30T08:47:21.471Z"}
{"message":"Server is up and running on port: 3000","level":"info","timestamp":"2020-01-30T08:48:40.959Z"}
{"message":"Server is up and running on port: 3000","level":"info","timestamp":"2020-01-30T08:48:59.356Z"}
{"message":"Server is up and running on port: 3000","level":"info","timestamp":"2020-01-30T08:49:45.990Z"}
{"message":"Server is up and running on port: 3000","level":"info","timestamp":"2020-01-30T08:50:03.803Z"}
{"message":"Server is up and running on port: 3000","level":"info","timestamp":"2020-01-30T08:50:19.141Z"}
{"message":"Server is up and running on port: 3000","level":"info","timestamp":"2020-01-30T08:50:59.470Z"}
{"message":"Server is up and running on port: 3000","level":"info","timestamp":"2020-01-30T08:51:10.033Z"}
{"message":"Server is up and running on port: 3000","level":"info","timestamp":"2020-01-30T08:51:40.386Z"}
{"message":"Server is up and running on port: 3000","level":"info","timestamp":"2020-01-30T08:51:43.996Z"}
{"message":"Server is up and running on port: 3000","level":"info","timestamp":"2020-01-30T08:51:52.443Z"}
{"message":"Server is up and running on port: 3000","level":"info","timestamp":"2020-01-30T08:52:04.394Z"}
{"message":"Server is up and running on port: 3000","level":"info","timestamp":"2020-01-30T08:52:39.414Z"}
{"message":"Server is up and running on port: 3000","level":"info","timestamp":"2020-01-30T08:54:08.823Z"}
{"message":"Server is up and running on port: 3000","level":"info","timestamp":"2020-01-30T08:54:20.168Z"}
{"message":"Server is up and running on port: 3000","level":"info","timestamp":"2020-01-30T08:54:49.457Z"}
{"message":"Server is up and running on port: 3000","level":"info","timestamp":"2020-01-30T08:54:52.967Z"}
{"message":"Server is up and running on port: 3000","level":"info","timestamp":"2020-01-30T08:55:04.184Z"}
{"message":"Server is up and running on port: 3000","level":"info","timestamp":"2020-01-30T08:55:12.486Z"}
{"message":"Server is up and running on port: 3000","level":"info","timestamp":"2020-01-30T08:56:54.064Z"}
{"message":"Server is up and running on port: 3000","level":"info","timestamp":"2020-01-30T08:57:31.701Z"}
{"message":"Server is up and running on port: 3000","level":"info","timestamp":"2020-01-30T08:57:42.512Z"}
{"message":"Server is up and running on port: 3000","level":"info","timestamp":"2020-01-30T08:58:04.072Z"}
{"message":"Server is up and running on port: 3000","level":"info","timestamp":"2020-01-30T08:59:12.877Z"}
{"message":"Server is up and running on port: 3000","level":"info","timestamp":"2020-01-30T08:59:28.203Z"}
{"message":"Server is up and running on port: 3000","level":"info","timestamp":"2020-01-30T08:59:52.337Z"}
{"message":"Server is up and running on port: 3000","level":"info","timestamp":"2020-01-30T09:00:10.947Z"}
{"message":"Server is up and running on port: 3000","level":"info","timestamp":"2020-01-30T09:00:52.748Z"}
{"message":"Server is up and running on port: 3000","level":"info","timestamp":"2020-01-30T09:01:06.008Z"}
{"message":"Server is up and running on port: 3000","level":"info","timestamp":"2020-01-30T09:01:14.837Z"}
{"message":"Server is up and running on port: 3000","level":"info","timestamp":"2020-01-30T09:01:26.134Z"}
{"message":"Server is up and running on port: 3000","level":"info","timestamp":"2020-01-30T09:01:46.207Z"}
{"message":"Server is up and running on port: 3000","level":"info","timestamp":"2020-01-30T09:01:54.317Z"}
{"message":"Server is up and running on port: 3000","level":"info","timestamp":"2020-01-30T09:02:04.724Z"}
{"message":"Server is up and running on port: 3000","level":"info","timestamp":"2020-01-30T09:02:22.013Z"}
{"message":"Server is up and running on port: 3000","level":"info","timestamp":"2020-01-30T09:03:45.460Z"}
{"message":"Server is up and running on port: 3000","level":"info","timestamp":"2020-01-30T09:04:47.585Z"}
{"message":"Server is up and running on port: 3000","level":"info","timestamp":"2020-01-30T09:09:00.642Z"}
{"message":"Server is up and running on port: 3000","level":"info","timestamp":"2020-01-30T09:09:18.517Z"}
{"message":"Server is up and running on port: 3000","level":"info","timestamp":"2020-01-30T09:09:23.716Z"}
{"message":"Server is up and running on port: 3000","level":"info","timestamp":"2020-01-30T09:09:46.278Z"}
{"message":"Server is up and running on port: 3000","level":"info","timestamp":"2020-01-30T09:09:57.141Z"}
{"message":"Server is up and running on port: 3000","level":"info","timestamp":"2020-01-30T09:10:30.167Z"}
{"message":"Server is up and running on port: 3000","level":"info","timestamp":"2020-01-30T09:10:44.657Z"}
{"message":"Server is up and running on port: 3000","level":"info","timestamp":"2020-01-30T09:11:07.669Z"}
{"message":"Server is up and running on port: 3000","level":"info","timestamp":"2020-01-30T09:11:11.021Z"}
{"message":"Server is up and running on port: 3000","level":"info","timestamp":"2020-01-30T09:11:13.929Z"}
{"message":"Server is up and running on port: 3000","level":"info","timestamp":"2020-01-30T09:16:20.841Z"}
{"message":"Server is up and running on port: 3000","level":"info","timestamp":"2020-01-30T09:16:41.114Z"}
{"message":"Server is up and running on port: 3000","level":"info","timestamp":"2020-01-30T09:17:42.910Z"}
{"message":"Server is up and running on port: 3000","level":"info","timestamp":"2020-01-30T09:18:37.043Z"}
{"message":"Server is up and running on port: 3000","level":"info","timestamp":"2020-01-30T09:19:31.929Z"}
{"message":"Server is up and running on port: 3000","level":"info","timestamp":"2020-01-30T09:21:31.301Z"}
{"message":"Server is up and running on port: 3000","level":"info","timestamp":"2020-01-30T09:21:56.902Z"}
{"message":"Server is up and running on port: 3000","level":"info","timestamp":"2020-01-30T09:23:39.550Z"}
{"message":"Server is up and running on port: 3000","level":"info","timestamp":"2020-01-30T09:24:10.940Z"}
{"message":"Server is up and running on port: 3000","level":"info","timestamp":"2020-01-30T09:25:29.268Z"}
{"message":"Server is up and running on port: 3000","level":"info","timestamp":"2020-01-30T09:25:57.587Z"}
{"message":"Server is up and running on port: 3000","level":"info","timestamp":"2020-01-30T09:26:40.240Z"}
{"message":"Server is up and running on port: 3000","level":"info","timestamp":"2020-01-30T09:26:46.046Z"}
{"message":"Server is up and running on port: 3000","level":"info","timestamp":"2020-01-30T09:26:59.014Z"}
{"message":"Server is up and running on port: 3000","level":"info","timestamp":"2020-01-30T09:27:35.653Z"}
{"message":"Server is up and running on port: 3000","level":"info","timestamp":"2020-01-30T09:29:23.163Z"}
{"message":"Server is up and running on port: 3000","level":"info","timestamp":"2020-01-30T09:30:05.408Z"}
{"message":"Server is up and running on port: 3000","level":"info","timestamp":"2020-01-30T09:30:27.652Z"}
{"message":"Server is up and running on port: 3000","level":"info","timestamp":"2020-01-30T09:34:42.899Z"}
{"message":"Server is up and running on port: 3000","level":"info","timestamp":"2020-01-30T09:34:59.392Z"}
{"message":"Server is up and running on port: 3000","level":"info","timestamp":"2020-01-30T09:35:26.947Z"}
{"message":"Server is up and running on port: 3000","level":"info","timestamp":"2020-01-30T09:35:41.620Z"}
{"message":"Server is up and running on port: 3000","level":"info","timestamp":"2020-01-30T09:35:43.480Z"}
{"message":"Server is up and running on port: 3000","level":"info","timestamp":"2020-01-30T09:36:08.752Z"}
{"message":"Server is up and running on port: 3000","level":"info","timestamp":"2020-01-30T09:36:26.341Z"}
{"message":"Server is up and running on port: 3000","level":"info","timestamp":"2020-01-30T09:36:35.212Z"}
{"message":"Server is up and running on port: 3000","level":"info","timestamp":"2020-01-30T09:36:57.884Z"}
{"message":"Server is up and running on port: 3000","level":"info","timestamp":"2020-01-30T09:37:14.324Z"}
{"message":"Server is up and running on port: 3000","level":"info","timestamp":"2020-01-30T09:37:30.289Z"}
{"message":"Server is up and running on port: 3000","level":"info","timestamp":"2020-01-30T09:37:49.117Z"}
{"message":"Server is up and running on port: 3000","level":"info","timestamp":"2020-01-30T09:38:03.593Z"}
{"message":"Server is up and running on port: 3000","level":"info","timestamp":"2020-01-30T09:38:09.272Z"}
{"message":"Server is up and running on port: 3000","level":"info","timestamp":"2020-01-30T09:38:16.492Z"}
{"message":"Server is up and running on port: 3000","level":"info","timestamp":"2020-01-30T09:38:23.670Z"}
{"message":"Server is up and running on port: 3000","level":"info","timestamp":"2020-01-30T09:39:47.815Z"}
{"message":"Server is up and running on port: 3000","level":"info","timestamp":"2020-01-30T09:45:19.783Z"}
{"message":"Server is up and running on port: 3000","level":"info","timestamp":"2020-01-30T09:46:10.303Z"}
{"message":"Server is up and running on port: 3000","level":"info","timestamp":"2020-01-30T09:46:18.106Z"}
{"message":"Server is up and running on port: 3000","level":"info","timestamp":"2020-01-30T09:46:29.892Z"}
{"message":"Server is up and running on port: 3000","level":"info","timestamp":"2020-01-30T09:48:12.897Z"}
{"message":"Server is up and running on port: 3000","level":"info","timestamp":"2020-01-30T09:49:48.792Z"}
{"message":"Server is up and running on port: 3000","level":"info","timestamp":"2020-01-30T09:50:14.928Z"}
{"message":"Server is up and running on port: 3000","level":"info","timestamp":"2020-01-30T09:50:21.540Z"}
{"message":"Server is up and running on port: 3000","level":"info","timestamp":"2020-01-30T09:53:53.180Z"}
{"message":"Server is up and running on port: 3000","level":"info","timestamp":"2020-01-30T09:55:38.145Z"}
{"message":"Server is up and running on port: 3000","level":"info","timestamp":"2020-01-30T09:55:40.210Z"}
{"message":"Server is up and running on port: 3000","level":"info","timestamp":"2020-01-30T09:57:06.939Z"}
{"message":"Server is up and running on port: 3000","level":"info","timestamp":"2020-01-30T09:57:55.305Z"}
{"message":"Server is up and running on port: 3000","level":"info","timestamp":"2020-01-30T09:59:57.389Z"}
{"message":"Server is up and running on port: 3000","level":"info","timestamp":"2020-01-30T10:00:29.631Z"}
{"message":"Server is up and running on port: 3000","level":"info","timestamp":"2020-01-30T10:00:40.730Z"}
{"message":"Server is up and running on port: 3000","level":"info","timestamp":"2020-01-30T10:00:57.324Z"}
{"message":"Server is up and running on port: 3000","level":"info","timestamp":"2020-01-30T10:01:36.216Z"}
{"message":"Server is up and running on port: 3000","level":"info","timestamp":"2020-01-30T10:02:06.305Z"}
{"message":"Server is up and running on port: 3000","level":"info","timestamp":"2020-01-30T10:02:46.434Z"}
{"message":"Server is up and running on port: 3000","level":"info","timestamp":"2020-01-30T10:02:59.689Z"}
{"message":"Server is up and running on port: 3000","level":"info","timestamp":"2020-01-30T10:03:30.357Z"}
{"message":"Server is up and running on port: 3000","level":"info","timestamp":"2020-01-30T10:04:05.150Z"}
{"message":"Server is up and running on port: 3000","level":"info","timestamp":"2020-01-30T10:04:17.621Z"}
{"message":"Server is up and running on port: 3000","level":"info","timestamp":"2020-01-30T10:04:43.911Z"}
{"message":"Server is up and running on port: 3000","level":"info","timestamp":"2020-01-30T10:04:55.876Z"}
{"message":"Server is up and running on port: 3000","level":"info","timestamp":"2020-01-30T10:04:56.425Z"}
{"message":"Server is up and running on port: 3000","level":"info","timestamp":"2020-01-30T10:05:11.554Z"}
{"message":"Server is up and running on port: 3000","level":"info","timestamp":"2020-01-30T10:05:13.936Z"}
{"message":"Server is up and running on port: 3000","level":"info","timestamp":"2020-01-30T10:05:50.415Z"}
{"message":"Server is up and running on port: 3000","level":"info","timestamp":"2020-01-30T10:06:04.234Z"}
{"message":"Server is up and running on port: 3000","level":"info","timestamp":"2020-01-30T10:06:21.331Z"}
{"message":"Server is up and running on port: 3000","level":"info","timestamp":"2020-01-30T10:06:29.274Z"}
{"message":"Server is up and running on port: 3000","level":"info","timestamp":"2020-01-30T10:07:03.631Z"}
{"message":"Server is up and running on port: 3000","level":"info","timestamp":"2020-01-30T10:09:03.705Z"}
{"message":"Server is up and running on port: 3000","level":"info","timestamp":"2020-01-30T10:29:30.647Z"}
{"message":"Server is up and running on port: 3000","level":"info","timestamp":"2020-01-30T10:29:40.358Z"}
{"message":"Server is up and running on port: 3000","level":"info","timestamp":"2020-01-30T10:29:41.207Z"}
{"message":"Server is up and running on port: 3000","level":"info","timestamp":"2020-01-30T10:29:43.120Z"}
{"message":"Server is up and running on port: 3000","level":"info","timestamp":"2020-01-30T10:34:39.515Z"}
{"message":"Server is up and running on port: 3000","level":"info","timestamp":"2020-01-30T10:45:21.851Z"}
{"message":"Server is up and running on port: 3000","level":"info","timestamp":"2020-01-30T10:45:30.491Z"}
{"message":"Server is up and running on port: 3000","level":"info","timestamp":"2020-01-30T10:45:34.583Z"}
{"message":"Server is up and running on port: 3000","level":"info","timestamp":"2020-01-30T10:45:37.894Z"}
{"message":"Server is up and running on port: 3000","level":"info","timestamp":"2020-01-30T10:45:47.967Z"}
{"message":"Server is up and running on port: 3000","level":"info","timestamp":"2020-01-30T12:20:23.522Z"}
{"message":"Server is up and running on port: 3000","level":"info","timestamp":"2020-01-30T12:21:07.516Z"}
{"message":"Server is up and running on port: 3000","level":"info","timestamp":"2020-01-30T12:21:31.327Z"}
{"message":"Server is up and running on port: 3000","level":"info","timestamp":"2020-01-30T12:21:47.807Z"}
{"message":"Server is up and running on port: 3000","level":"info","timestamp":"2020-01-30T12:31:34.335Z"}
{"message":"Server is up and running on port: 3000","level":"info","timestamp":"2020-01-30T12:31:51.732Z"}
{"message":"Server is up and running on port: 3000","level":"info","timestamp":"2020-01-30T12:32:16.947Z"}
{"message":"Server is up and running on port: 3000","level":"info","timestamp":"2020-01-30T12:32:18.176Z"}
{"message":"Server is up and running on port: 3000","level":"info","timestamp":"2020-01-30T12:32:25.025Z"}
{"message":"Server is up and running on port: 3000","level":"info","timestamp":"2020-01-30T12:33:01.494Z"}
{"message":"Server is up and running on port: 3000","level":"info","timestamp":"2020-01-30T12:36:16.199Z"}
{"message":"Server is up and running on port: 3000","level":"info","timestamp":"2020-01-30T12:36:31.240Z"}
{"message":"Server is up and running on port: 3000","level":"info","timestamp":"2020-01-30T12:36:42.226Z"}
{"message":"Server is up and running on port: 3000","level":"info","timestamp":"2020-01-30T12:36:56.936Z"}
{"message":"Server is up and running on port: 3000","level":"info","timestamp":"2020-01-30T12:36:57.628Z"}
{"message":"Server is up and running on port: 3000","level":"info","timestamp":"2020-01-30T12:48:44.010Z"}
{"message":"Server is up and running on port: 3000","level":"info","timestamp":"2020-01-30T12:49:25.548Z"}
{"message":"Server is up and running on port: 3000","level":"info","timestamp":"2020-01-30T12:49:26.685Z"}
{"message":"Server is up and running on port: 3000","level":"info","timestamp":"2020-01-30T14:22:09.522Z"}
{"message":"Server is up and running on port: 3000","level":"info","timestamp":"2020-01-31T05:08:15.395Z"}
{"message":"Server is up and running on port: 3000","level":"info","timestamp":"2020-01-31T05:14:34.510Z"}
{"message":"Server is up and running on port: 3000","level":"info","timestamp":"2020-01-31T05:26:27.244Z"}
{"message":"Server is up and running on port: 3000","level":"info","timestamp":"2020-01-31T05:27:41.837Z"}
{"message":"Server is up and running on port: 3000","level":"info","timestamp":"2020-01-31T06:03:58.748Z"}
{"message":"Server is up and running on port: 3000","level":"info","timestamp":"2020-01-31T06:04:24.107Z"}
{"message":"Server is up and running on port: 3000","level":"info","timestamp":"2020-01-31T06:04:58.164Z"}
{"message":"Server is up and running on port: 3000","level":"info","timestamp":"2020-01-31T06:05:38.930Z"}
{"message":"Server is up and running on port: 3000","level":"info","timestamp":"2020-01-31T06:05:56.401Z"}
{"message":"Server is up and running on port: 3000","level":"info","timestamp":"2020-01-31T06:06:02.580Z"}
{"message":"Server is up and running on port: 3000","level":"info","timestamp":"2020-01-31T06:07:22.122Z"}
{"message":"Server is up and running on port: 3000","level":"info","timestamp":"2020-01-31T06:07:57.168Z"}
{"message":"Server is up and running on port: 3000","level":"info","timestamp":"2020-01-31T06:08:37.152Z"}
{"message":"Server is up and running on port: 3000","level":"info","timestamp":"2020-01-31T06:10:02.539Z"}
{"message":"Server is up and running on port: 3000","level":"info","timestamp":"2020-01-31T06:10:17.800Z"}
{"message":"Server is up and running on port: 3000","level":"info","timestamp":"2020-01-31T06:10:28.012Z"}
{"message":"Server is up and running on port: 3000","level":"info","timestamp":"2020-01-31T06:11:20.934Z"}
{"message":"Server is up and running on port: 3000","level":"info","timestamp":"2020-01-31T06:11:23.908Z"}
{"message":"Server is up and running on port: 3000","level":"info","timestamp":"2020-01-31T06:12:41.901Z"}
{"message":"Server is up and running on port: 3000","level":"info","timestamp":"2020-01-31T06:14:10.880Z"}
{"message":"Server is up and running on port: 3000","level":"info","timestamp":"2020-01-31T06:15:05.123Z"}
{"message":"Server is up and running on port: 3000","level":"info","timestamp":"2020-01-31T06:15:22.418Z"}
{"message":"Server is up and running on port: 3000","level":"info","timestamp":"2020-01-31T06:19:57.479Z"}
{"message":"Server is up and running on port: 3000","level":"info","timestamp":"2020-01-31T06:20:24.562Z"}
{"message":"Server is up and running on port: 3000","level":"info","timestamp":"2020-01-31T06:27:28.894Z"}
{"message":"Server is up and running on port: 3000","level":"info","timestamp":"2020-01-31T06:27:35.530Z"}
{"message":"Server is up and running on port: 3000","level":"info","timestamp":"2020-01-31T06:30:21.645Z"}
{"message":"Server is up and running on port: 3000","level":"info","timestamp":"2020-01-31T10:52:12.655Z"}
{"message":"Server is up and running on port: 3000","level":"info","timestamp":"2020-01-31T12:04:24.873Z"}
{"message":"Server is up and running on port: 3000","level":"info","timestamp":"2020-01-31T13:55:48.045Z"}
{"message":"Server is up and running on port: undefined","level":"info","timestamp":"2020-02-13T10:25:45.245Z"}
{"message":"Server is up and running on port: undefined","level":"info","timestamp":"2020-02-13T10:27:21.713Z"}
{"message":"Server is up and running on port: 3000","level":"info","timestamp":"2020-02-13T10:35:56.392Z"}
{"message":"Server is up and running on port: 3000","level":"info","timestamp":"2020-02-13T10:39:04.115Z"}
{"message":"Server is up and running on port: 3000","level":"info","timestamp":"2020-02-13T10:55:32.655Z"}
